<?xml version="1.0" encoding="UTF-8"?>
<testng-results ignored="0" total="1" passed="1" failed="0" skipped="0">
  <reporter-output>
  </reporter-output>
  <suite started-at="2022-05-24T22:51:50 IST" name="Default suite" finished-at="2022-05-24T22:52:56 IST" duration-ms="66143">
    <groups>
    </groups>
    <test started-at="2022-05-24T22:51:50 IST" name="Default test" finished-at="2022-05-24T22:52:56 IST" duration-ms="66143">
      <class name="testclasses.ChildebrowserAndiframe">
        <test-method is-config="true" signature="launchbrowser()[pri:0, instance:testclasses.ChildebrowserAndiframe@2667f029]" started-at="2022-05-24T22:51:50 IST" name="launchbrowser" finished-at="2022-05-24T22:51:54 IST" duration-ms="4097" status="PASS">
          <reporter-output>
          </reporter-output>
        </test-method> <!-- launchbrowser -->
        <test-method is-config="true" signature="launchapplication()[pri:0, instance:testclasses.ChildebrowserAndiframe@2667f029]" started-at="2022-05-24T22:51:54 IST" name="launchapplication" finished-at="2022-05-24T22:52:26 IST" duration-ms="32133" status="PASS">
          <reporter-output>
          </reporter-output>
        </test-method> <!-- launchapplication -->
        <test-method signature="childbrowserandiframe()[pri:0, instance:testclasses.ChildebrowserAndiframe@2667f029]" started-at="2022-05-24T22:52:26 IST" name="childbrowserandiframe" finished-at="2022-05-24T22:52:56 IST" duration-ms="29834" status="PASS">
          <reporter-output>
          </reporter-output>
        </test-method> <!-- childbrowserandiframe -->
      </class> <!-- testclasses.ChildebrowserAndiframe -->
    </test> <!-- Default test -->
  </suite> <!-- Default suite -->
</testng-results>
